proguard/seeds.txt
org.acra.sender.HttpSender
org.acra.sender.HttpSender: android.net.Uri mFormUri
org.acra.sender.HttpSender: java.util.Map mMapping
org.acra.sender.HttpSender: org.acra.sender.HttpSender$Method mMethod
org.acra.sender.HttpSender: org.acra.sender.HttpSender$Type mType
org.acra.sender.HttpSender: java.lang.String mUsername
org.acra.sender.HttpSender: java.lang.String mPassword
org.acra.sender.HttpSender: HttpSender(org.acra.sender.HttpSender$Method,org.acra.sender.HttpSender$Type,java.util.Map)
org.acra.sender.HttpSender: HttpSender(org.acra.sender.HttpSender$Method,org.acra.sender.HttpSender$Type,java.lang.String,java.util.Map)
org.acra.sender.HttpSender: void setBasicAuth(java.lang.String,java.lang.String)
org.acra.sender.HttpSender: void send(android.content.Context,org.acra.collector.CrashReportData)
org.acra.sender.HttpSender: java.util.Map remap(java.util.Map)
org.acra.sender.HttpSender$1
org.acra.sender.HttpSender$1: int[] $SwitchMap$org$acra$sender$HttpSender$Type
org.acra.sender.HttpSender$1: int[] $SwitchMap$org$acra$sender$HttpSender$Method
org.acra.sender.HttpSender$1: void <clinit>()
org.acra.sender.HttpSender$Method
org.acra.sender.HttpSender$Method: org.acra.sender.HttpSender$Method POST
org.acra.sender.HttpSender$Method: org.acra.sender.HttpSender$Method PUT
org.acra.sender.HttpSender$Method: org.acra.sender.HttpSender$Method[] $VALUES
org.acra.sender.HttpSender$Method: org.acra.sender.HttpSender$Method[] values()
org.acra.sender.HttpSender$Method: org.acra.sender.HttpSender$Method valueOf(java.lang.String)
org.acra.sender.HttpSender$Method: HttpSender$Method(java.lang.String,int)
org.acra.sender.HttpSender$Method: void <clinit>()
org.acra.sender.HttpSender$Type
org.acra.sender.HttpSender$Type: org.acra.sender.HttpSender$Type FORM
org.acra.sender.HttpSender$Type: org.acra.sender.HttpSender$Type JSON
org.acra.sender.HttpSender$Type: org.acra.sender.HttpSender$Type[] $VALUES
org.acra.sender.HttpSender$Type: org.acra.sender.HttpSender$Type[] values()
org.acra.sender.HttpSender$Type: org.acra.sender.HttpSender$Type valueOf(java.lang.String)
org.acra.sender.HttpSender$Type: HttpSender$Type(java.lang.String,int)
org.acra.sender.HttpSender$Type: java.lang.String getContentType()
org.acra.sender.HttpSender$Type: HttpSender$Type(java.lang.String,int,org.acra.sender.HttpSender$1)
org.acra.sender.HttpSender$Type: void <clinit>()
org.acra.sender.HttpSender$Type$1
org.acra.sender.HttpSender$Type$1: HttpSender$Type$1(java.lang.String,int)
org.acra.sender.HttpSender$Type$1: java.lang.String getContentType()
org.acra.sender.HttpSender$Type$2
org.acra.sender.HttpSender$Type$2: HttpSender$Type$2(java.lang.String,int)
org.acra.sender.HttpSender$Type$2: java.lang.String getContentType()
org.acra.sender.ReportSender
org.acra.sender.ReportSender: void send(android.content.Context,org.acra.collector.CrashReportData)
org.acra.sender.ReportSenderException
org.acra.sender.ReportSenderException: ReportSenderException(java.lang.String,java.lang.Throwable)
org.acra.sender.ReportSenderException: ReportSenderException(java.lang.String)
org.acra.util.BoundedLinkedList
org.acra.util.BoundedLinkedList: int maxSize
org.acra.util.BoundedLinkedList: BoundedLinkedList(int)
org.acra.util.BoundedLinkedList: boolean add(java.lang.Object)
org.acra.util.BoundedLinkedList: void add(int,java.lang.Object)
org.acra.util.BoundedLinkedList: boolean addAll(java.util.Collection)
org.acra.util.BoundedLinkedList: boolean addAll(int,java.util.Collection)
org.acra.util.BoundedLinkedList: void addFirst(java.lang.Object)
org.acra.util.BoundedLinkedList: void addLast(java.lang.Object)
org.acra.util.BoundedLinkedList: java.lang.String toString()