proguard/mapping.txt
cn.itcase.safe.utils.MyToast -> cn.itcase.safe.c.e:
    android.view.WindowManager mWM -> a
    android.content.Context mContext -> b
    android.view.WindowManager$LayoutParams mParams -> c
    android.view.View mView -> f
    float startX -> d
    float startY -> e
    void show(java.lang.String) -> a
    void hide() -> a
    boolean onTouch(android.view.View,android.view.MotionEvent) -> onTouch
cn.itcase.safe.utils.PackageUtils -> cn.itcase.safe.c.f:
    java.lang.String getVersionName(android.content.Context) -> a
    int getVersionCode(android.content.Context) -> b
cn.itcase.safe.utils.PreferenceUtils -> cn.itcase.safe.c.g:
    android.content.SharedPreferences sp -> a
    android.content.SharedPreferences getPreferences(android.content.Context) -> a
    boolean getBoolean(android.content.Context,java.lang.String) -> a
    boolean getBoolean(android.content.Context,java.lang.String,boolean) -> a
    void putBoolean(android.content.Context,java.lang.String,boolean) -> b
    java.lang.String getString(android.content.Context,java.lang.String) -> b
    java.lang.String getString(android.content.Context,java.lang.String,java.lang.String) -> a
    void putString(android.content.Context,java.lang.String,java.lang.String) -> b
    int getInt(android.content.Context,java.lang.String,int) -> a
    void putInt(android.content.Context,java.lang.String,int) -> b
cn.itcase.safe.utils.ProcessInfoProvide -> cn.itcase.safe.c.h:
    int getAllRunningProcessCount(android.content.Context) -> a
    int getTotalPssCount(android.content.Context) -> b
    java.util.List getAllRunningProcess(android.content.Context) -> c
    long getFreeMomory(android.content.Context) -> d
    long getTotalMomory(android.content.Context) -> e
    long getLowTotalMomory() -> a
    void killProcess(android.content.Context,java.lang.String) -> a
cn.itcase.safe.utils.ServiceStartUitls -> cn.itcase.safe.c.i:
    boolean isRunning(android.content.Context,java.lang.Class) -> a
cn.itcase.safe.utils.SmsProvider -> cn.itcase.safe.c.j:
    void saveAllSms(android.content.Context,cn.itcase.safe.utils.SmsProvider$OnSmsListener) -> a
    void recoveryAllSms(android.content.Context,cn.itcase.safe.utils.SmsProvider$OnSmsListener) -> b
cn.itcase.safe.utils.SmsProvider$1 -> cn.itcase.safe.c.k:
    android.content.Context val$context -> a
    cn.itcase.safe.utils.SmsProvider$OnSmsListener val$listenter -> b
    java.lang.Boolean doInBackground(java.lang.Void[]) -> a
    void onProgressUpdate(java.lang.Integer[]) -> a
    void onPostExecute(java.lang.Boolean) -> a
    void onPostExecute(java.lang.Object) -> onPostExecute
    java.lang.Object doInBackground(java.lang.Object[]) -> doInBackground
    void onProgressUpdate(java.lang.Object[]) -> onProgressUpdate
cn.itcase.safe.utils.SmsProvider$2 -> cn.itcase.safe.c.l:
    android.content.Context val$context -> a
    cn.itcase.safe.utils.SmsProvider$OnSmsListener val$listenter -> b
    java.lang.Boolean doInBackground(java.lang.Void[]) -> a
    void onProgressUpdate(java.lang.Integer[]) -> a
    void onPostExecute(java.lang.Boolean) -> a
    void onPostExecute(java.lang.Object) -> onPostExecute
    java.lang.Object doInBackground(java.lang.Object[]) -> doInBackground
    void onProgressUpdate(java.lang.Object[]) -> onProgressUpdate
cn.itcase.safe.utils.SmsProvider$OnSmsListener -> cn.itcase.safe.c.m:
    void onMax(int) -> a
    void onProgress(int) -> b
    void onSucess() -> a
    void onFailed() -> b
cn.itcase.safe.utils.SmsProvider$SmsInfo -> cn.itcase.safe.c.n:
    java.lang.String address -> a
    java.lang.String type -> b
    java.lang.String date -> c
    java.lang.String body -> d