proguard/usage.txt
android.support.v4.view.accessibility.AccessibilityManagerCompat
android.support.v4.view.accessibility.AccessibilityManagerCompat$AccessibilityManagerIcsImpl
android.support.v4.view.accessibility.AccessibilityManagerCompat$AccessibilityManagerIcsImpl$1
android.support.v4.view.accessibility.AccessibilityManagerCompat$AccessibilityManagerStubImpl
android.support.v4.view.accessibility.AccessibilityManagerCompat$AccessibilityManagerVersionImpl
android.support.v4.view.accessibility.AccessibilityManagerCompat$AccessibilityStateChangeListenerCompat
android.support.v4.view.accessibility.AccessibilityManagerCompatIcs
android.support.v4.view.accessibility.AccessibilityManagerCompatIcs$1
android.support.v4.view.accessibility.AccessibilityManagerCompatIcs$AccessibilityStateChangeListenerBridge
android.support.v4.view.accessibility.AccessibilityNodeInfoCompat
android.support.v4.view.accessibility.AccessibilityNodeInfoCompat$AccessibilityNodeInfoIcsImpl
android.support.v4.view.accessibility.AccessibilityNodeInfoCompat$AccessibilityNodeInfoImpl
android.support.v4.view.accessibility.AccessibilityNodeInfoCompat$AccessibilityNodeInfoJellybeanImpl
android.support.v4.view.accessibility.AccessibilityNodeInfoCompat$AccessibilityNodeInfoStubImpl
android.support.v4.view.accessibility.AccessibilityNodeInfoCompatIcs
android.support.v4.view.accessibility.AccessibilityNodeInfoCompatJellyBean
android.support.v4.view.accessibility.AccessibilityNodeProviderCompat
android.support.v4.view.accessibility.AccessibilityNodeProviderCompat$AccessibilityNodeProviderImpl
android.support.v4.view.accessibility.AccessibilityNodeProviderCompat$AccessibilityNodeProviderJellyBeanImpl
android.support.v4.view.accessibility.AccessibilityNodeProviderCompat$AccessibilityNodeProviderJellyBeanImpl$1
android.support.v4.view.accessibility.AccessibilityNodeProviderCompat$AccessibilityNodeProviderStubImpl
android.support.v4.view.accessibility.AccessibilityNodeProviderCompatJellyBean
android.support.v4.view.accessibility.AccessibilityNodeProviderCompatJellyBean$1
android.support.v4.view.accessibility.AccessibilityNodeProviderCompatJellyBean$AccessibilityNodeInfoBridge
android.support.v4.view.accessibility.AccessibilityRecordCompat
android.support.v4.view.accessibility.AccessibilityRecordCompat$AccessibilityRecordIcsImpl
android.support.v4.view.accessibility.AccessibilityRecordCompat$AccessibilityRecordIcsMr1Impl
android.support.v4.view.accessibility.AccessibilityRecordCompat$AccessibilityRecordImpl
android.support.v4.view.accessibility.AccessibilityRecordCompat$AccessibilityRecordJellyBeanImpl
android.support.v4.view.accessibility.AccessibilityRecordCompat$AccessibilityRecordStubImpl
android.support.v4.view.accessibility.AccessibilityRecordCompatIcs
android.support.v4.view.accessibility.AccessibilityRecordCompatIcsMr1
android.support.v4.view.accessibility.AccessibilityRecordCompatJellyBean
android.support.v4.widget.CursorAdapter
android.support.v4.widget.CursorAdapter$1
android.support.v4.widget.CursorAdapter$ChangeObserver
android.support.v4.widget.CursorAdapter$MyDataSetObserver
android.support.v4.widget.CursorFilter
android.support.v4.widget.CursorFilter$CursorFilterClient
android.support.v4.widget.EdgeEffectCompat:
    132:134:public EdgeEffectCompat(android.content.Context)
    204:204:public boolean onAbsorb(int)
android.support.v4.widget.EdgeEffectCompat$BaseEdgeEffectImpl:
    60:60:public java.lang.Object newEdgeEffect(android.content.Context)
    82:82:public boolean onAbsorb(java.lang.Object,int)
android.support.v4.widget.EdgeEffectCompat$EdgeEffectIcsImpl:
    92:92:public java.lang.Object newEdgeEffect(android.content.Context)
    116:116:public boolean onAbsorb(java.lang.Object,int)
android.support.v4.widget.EdgeEffectCompat$EdgeEffectImpl:
    public abstract java.lang.Object newEdgeEffect(android.content.Context)
    public abstract boolean onAbsorb(java.lang.Object,int)